[03:13:45] [ServerMain/INFO]: [bootstrap] Running Java 21 (OpenJDK 64-Bit Server VM 21.0.9+10-Ubuntu-124.04; Ubuntu null) on Linux 6.8.0-1030-azure (amd64)
[03:13:45] [ServerMain/INFO]: [bootstrap] Loading Paper 1.21-130-master@b1b5d4c (2024-08-10T10:02:42Z) for Minecraft 1.21
[03:13:45] [ServerMain/INFO]: [PluginInitializerManager] Initializing plugins...
[03:13:46] [ServerMain/INFO]: [PluginInitializerManager] Initialized 2 plugins
[03:13:46] [ServerMain/INFO]: [PluginInitializerManager] Bukkit plugins (2):
 - DayCounter (2.1), OpenInv (4.4.1)
[03:13:52] [ServerMain/INFO]: Environment: Environment[sessionHost=https://sessionserver.mojang.com, servicesHost=https://api.minecraftservices.com, name=PROD]
[03:13:55] [ServerMain/INFO]: Loaded 1290 recipes
[03:13:56] [ServerMain/INFO]: Loaded 1399 advancements
[03:13:56] [Server thread/INFO]: Starting minecraft server version 1.21
[03:13:56] [Server thread/INFO]: Loading properties
[03:13:56] [Server thread/INFO]: This server is running Paper version 1.21-130-master@b1b5d4c (2024-08-10T10:02:42Z) (Implementing API version 1.21-R0.1-SNAPSHOT)
[03:13:57] [Server thread/INFO]: [spark] This server bundles the spark profiler. For more information please visit https://docs.papermc.io/paper/profiling
[03:13:57] [Server thread/INFO]: Server Ping Player Sample Count: 12
[03:13:57] [Server thread/INFO]: Using 4 threads for Netty based IO
[03:13:59] [Server thread/WARN]: [!] The timings profiler has been enabled but has been scheduled for removal from Paper in the future.
    We recommend migrating to the spark profiler.
    For more information please visit: https://github.com/PaperMC/Paper/discussions/10565
[03:13:59] [Server thread/INFO]: [ChunkTaskScheduler] Chunk system is using 1 I/O threads, 1 worker threads, and population gen parallelism of 1 threads
[03:13:59] [Server thread/INFO]: Default game type: SURVIVAL
[03:13:59] [Server thread/INFO]: Generating keypair
[03:13:59] [Server thread/INFO]: Starting Minecraft server on *:25565
[03:13:59] [Server thread/INFO]: Using epoll channel type
[03:13:59] [Server thread/INFO]: Paper: Using libdeflate (Linux x86_64) compression from Velocity.
[03:13:59] [Server thread/INFO]: Paper: Using OpenSSL 3.0.x (Linux x86_64) cipher from Velocity.
[03:13:59] [Server thread/INFO]: [OpenInv] Loading server plugin OpenInv v4.4.1
[03:13:59] [Server thread/INFO]: [DayCounter] Loading server plugin DayCounter v2.1
[03:13:59] [Server thread/INFO]: Server permissions file permissions.yml is empty, ignoring it
[03:13:59] [Server thread/WARN]: **** SERVER IS RUNNING IN OFFLINE/INSECURE MODE!
[03:13:59] [Server thread/WARN]: The server will make no attempt to authenticate usernames. Beware.
[03:13:59] [Server thread/WARN]: While this makes the game possible to play without internet access, it also opens up the ability for hackers to connect with any username they choose.
[03:13:59] [Server thread/WARN]: To change this, set "online-mode" to "true" in the server.properties file.
[03:13:59] [Server thread/INFO]: Preparing level "world"
[03:14:00] [Server thread/INFO]: Preparing start region for dimension minecraft:overworld
[03:14:05] [Server thread/INFO]: Time elapsed: 4766 ms
[03:14:05] [Server thread/INFO]: Preparing start region for dimension minecraft:the_nether
[03:14:08] [Server thread/INFO]: Time elapsed: 2380 ms
[03:14:08] [Server thread/INFO]: Preparing start region for dimension minecraft:the_end
[03:14:08] [Server thread/INFO]: Time elapsed: 789 ms
[03:14:08] [Server thread/INFO]: [OpenInv] Enabling OpenInv v4.4.1
[03:14:09] [Server thread/WARN]: [OpenInv] Your server version (craftbukkit) is not supported.
[03:14:09] [Server thread/WARN]: [OpenInv] Please download the correct version of OpenInv here: https://github.com/Jikoo/OpenInv/releases
[03:14:09] [Server thread/INFO]: [DayCounter] Enabling DayCounter v2.1
[03:14:09] [Server thread/INFO]: [spark] Starting background profiler...
[03:14:09] [Server thread/INFO]: Done preparing level "world" (9.706s)
[03:14:09] [Server thread/INFO]: Running delayed init tasks
[03:14:09] [Server thread/INFO]: Done (25.740s)! For help, type "help"
[03:14:09] [Server thread/INFO]: Timings Reset
[03:14:34] [User Authenticator #0/INFO]: UUID of player nickj22 is 0d03d207-516d-35e2-b357-16911f5dec02
[03:14:42] [Server thread/INFO]: nickj22 joined the game
[03:14:43] [Server thread/INFO]: nickj22[/127.131.138.9:46081] logged in with entity id 309 at ([world]1599.0471209428488, 65.0, -1850.0973650832073)
[03:24:22] [Server thread/WARN]: nickj22 moved too quickly! 25.127648543073747,-4.419999986886978,26.762125352892554
[03:25:06] [Server thread/INFO]: nickj22 lost connection: Timed out
[03:25:06] [Server thread/INFO]: nickj22 left the game
[03:25:58] [User Authenticator #1/INFO]: UUID of player nickj22 is 0d03d207-516d-35e2-b357-16911f5dec02
[03:26:03] [Server thread/INFO]: nickj22 joined the game
[03:26:03] [Server thread/INFO]: nickj22[/127.131.138.9:59357] logged in with entity id 3364 at ([world]1746.3305332945085, 62.51904845265522, -1976.5492739470556)
[04:11:05] [Server thread/WARN]: Camel (vehicle of nickj22) moved wrongly! 0.3947320286508784
[04:11:05] [Server thread/WARN]: Camel (vehicle of nickj22) moved wrongly! 0.8752703861268856
[04:11:05] [Server thread/WARN]: Camel (vehicle of nickj22) moved wrongly! 0.252012464002064
[04:11:05] [Server thread/WARN]: Camel (vehicle of nickj22) moved wrongly! 0.547378257457467
[04:11:58] [Server thread/WARN]: Camel (vehicle of nickj22) moved wrongly! 0.9020362161973026
[04:12:38] [Server thread/WARN]: [ca.spottedleaf.moonrise.patches.chunk_system.level.entity.EntityLookup] Entity uuid already exists: cec912b8-4c99-4b2b-b6d8-c634da5fae5e, mapped to Chicken['Chicken'/12182, uuid='cec912b8-4c99-4b2b-b6d8-c634da5fae5e', l='ServerLevel[world]', x=1087.92, y=121.00, z=-936.64, cpos=[67, -59], tl=4572, v=true], can't add Chicken['Chicken'/12197, uuid='cec912b8-4c99-4b2b-b6d8-c634da5fae5e', l='ServerLevel[world]', x=1088.14, y=121.00, z=-936.87, cpos=[68, -59], tl=8487, v=false]
[04:29:16] [Server thread/INFO]: nickj22 has made the advancement [A Seedy Place]
[04:31:00] [Server thread/INFO]: Villager Villager['Fisherman'/14192, uuid='e1697804-bfa2-44e9-a3d0-5c2ae0f315e0', l='ServerLevel[world]', x=289.97, y=66.00, z=-777.03, cpos=[18, -49], tl=50487, v=true] died, message: 'Fisherman was burned to a crisp while fighting Zombie'
[04:34:52] [Server thread/WARN]: Horse (vehicle of nickj22) moved wrongly! 0.3662958534949894
[04:34:52] [Server thread/WARN]: Horse (vehicle of nickj22) moved wrongly! 0.31521840394316314
[04:34:52] [Server thread/WARN]: Horse (vehicle of nickj22) moved wrongly! 0.2641596957198544
[04:59:22] [Server thread/INFO]: nickj22 lost connection: Timed out
[04:59:22] [Server thread/INFO]: nickj22 left the game
